C51 COMPILER V9.54   MAIN                                                                  08/27/2022 23:12:56 PAGE 1   


C51 COMPILER V9.54, COMPILATION OF MODULE MAIN
OBJECT MODULE PLACED IN .\Objects\main.obj
COMPILER INVOKED BY: D:\Keil_v5\C51\BIN\C51.EXE main.c OPTIMIZE(8,SPEED) BROWSE DEBUG OBJECTEXTEND PRINT(.\Listings\main
                    -.lst) TABS(2) OBJECT(.\Objects\main.obj)

line level    source

   1          #include <REGX52.H>
   2          #include "LCD1602.h"
   3          #include "Key.h"
   4          #include "XUNZHI.h"
   5          #include "Delay.h"
   6          #include <string.h>
   7          #include "SEND.h"
   8          unsigned char KeyNum;
   9          
  10          void main()
  11          {
  12   1        char nn[20];
  13   1        int Num,i,length;
  14   1        SEND("Hello ROBOCON");
  15   1        LCD_Init();
  16   1                     // 写入完成显示Write OK
  17   1        while(1)   //按下按键4则读取数据显示在LCD1602上
  18   1        {
  19   2          KeyNum=Key();
  20   2        if(KeyNum==4) 
  21   2          {
  22   3            for (i=0;i<=length;i++)
  23   3            {
  24   4              Num=ReadByte(i+10);
  25   4              Num|=ReadByte(i+11)<<8;
  26   4              nn[i]=Num;
  27   4             
  28   4            }
  29   3             LCD_ShowString(2,1,nn);
  30   3        }
  31   2        
  32   2      }
  33   1          
  34   1        
  35   1      }


MODULE INFORMATION:   STATIC OVERLAYABLE
   CODE SIZE        =    102    ----
   CONSTANT SIZE    =     14    ----
   XDATA SIZE       =   ----    ----
   PDATA SIZE       =   ----    ----
   DATA SIZE        =      1      26
   IDATA SIZE       =   ----    ----
   BIT SIZE         =   ----    ----
END OF MODULE INFORMATION.


C51 COMPILATION COMPLETE.  0 WARNING(S),  0 ERROR(S)
